<?xml version="1.0" encoding="UTF-8"?>
<testng-results skipped="0" failed="0" ignored="0" total="2" passed="2">
  <reporter-output>
  </reporter-output>
  <suite name="Opencart Suite" duration-ms="11517" started-at="2022-01-04T22:45:02 EST" finished-at="2022-01-04T22:45:13 EST">
    <groups>
      <group name="regression">
        <method signature="TC_001_AccountRegistration.test_account_Registration()[pri:0, instance:testCases.TC_001_AccountRegistration@4abdb505]" name="test_account_Registration" class="testCases.TC_001_AccountRegistration"/>
      </group> <!-- regression -->
      <group name="sanity">
        <method signature="TC_002_Login.text_Login()[pri:0, instance:testCases.TC_002_Login@45820e51]" name="text_Login" class="testCases.TC_002_Login"/>
      </group> <!-- sanity -->
      <group name="master">
        <method signature="TC_001_AccountRegistration.test_account_Registration()[pri:0, instance:testCases.TC_001_AccountRegistration@4abdb505]" name="test_account_Registration" class="testCases.TC_001_AccountRegistration"/>
        <method signature="TC_002_Login.text_Login()[pri:0, instance:testCases.TC_002_Login@45820e51]" name="text_Login" class="testCases.TC_002_Login"/>
      </group> <!-- master -->
    </groups>
    <test name="Opencart Tests" duration-ms="11517" started-at="2022-01-04T22:45:02 EST" finished-at="2022-01-04T22:45:13 EST">
      <class name="testCases.TC_002_Login">
        <test-method status="PASS" signature="setup(java.lang.String)[pri:0, instance:testCases.TC_002_Login@45820e51]" name="setup" is-config="true" duration-ms="1309" started-at="2022-01-04T22:45:09 EST" finished-at="2022-01-04T22:45:10 EST">
          <params>
            <param index="0">
              <value>
                <![CDATA[chrome]]>
              </value>
            </param>
          </params>
          <reporter-output>
          </reporter-output>
        </test-method> <!-- setup -->
        <test-method status="PASS" signature="text_Login()[pri:0, instance:testCases.TC_002_Login@45820e51]" name="text_Login" duration-ms="2193" started-at="2022-01-04T22:45:10 EST" finished-at="2022-01-04T22:45:12 EST">
          <reporter-output>
          </reporter-output>
        </test-method> <!-- text_Login -->
        <test-method status="PASS" signature="tearDown()[pri:0, instance:testCases.TC_002_Login@45820e51]" name="tearDown" is-config="true" duration-ms="629" started-at="2022-01-04T22:45:12 EST" finished-at="2022-01-04T22:45:13 EST">
          <reporter-output>
          </reporter-output>
        </test-method> <!-- tearDown -->
      </class> <!-- testCases.TC_002_Login -->
      <class name="testCases.TC_001_AccountRegistration">
        <test-method status="PASS" signature="setup(java.lang.String)[pri:0, instance:testCases.TC_001_AccountRegistration@4abdb505]" name="setup" is-config="true" duration-ms="3899" started-at="2022-01-04T22:45:02 EST" finished-at="2022-01-04T22:45:06 EST">
          <params>
            <param index="0">
              <value>
                <![CDATA[chrome]]>
              </value>
            </param>
          </params>
          <reporter-output>
          </reporter-output>
        </test-method> <!-- setup -->
        <test-method status="PASS" signature="test_account_Registration()[pri:0, instance:testCases.TC_001_AccountRegistration@4abdb505]" name="test_account_Registration" duration-ms="2680" started-at="2022-01-04T22:45:06 EST" finished-at="2022-01-04T22:45:08 EST">
          <reporter-output>
          </reporter-output>
        </test-method> <!-- test_account_Registration -->
        <test-method status="PASS" signature="tearDown()[pri:0, instance:testCases.TC_001_AccountRegistration@4abdb505]" name="tearDown" is-config="true" duration-ms="637" started-at="2022-01-04T22:45:08 EST" finished-at="2022-01-04T22:45:09 EST">
          <reporter-output>
          </reporter-output>
        </test-method> <!-- tearDown -->
      </class> <!-- testCases.TC_001_AccountRegistration -->
    </test> <!-- Opencart Tests -->
  </suite> <!-- Opencart Suite -->
</testng-results>
