<?xml version="1.0" encoding="UTF-8"?>
<testng-results skipped="0" failed="0" ignored="0" total="1" passed="1">
  <reporter-output>
  </reporter-output>
  <suite name="Failed suite [Opencart Suite]" duration-ms="5624" started-at="2022-01-03T22:56:47 EST" finished-at="2022-01-03T22:56:53 EST">
    <groups>
      <group name="regression">
        <method signature="TC_001_AccountRegistration.test_account_Registration()[pri:0, instance:testCases.TC_001_AccountRegistration@706a04ae]" name="test_account_Registration" class="testCases.TC_001_AccountRegistration"/>
      </group> <!-- regression -->
      <group name="master">
        <method signature="TC_001_AccountRegistration.test_account_Registration()[pri:0, instance:testCases.TC_001_AccountRegistration@706a04ae]" name="test_account_Registration" class="testCases.TC_001_AccountRegistration"/>
      </group> <!-- master -->
    </groups>
    <test name="Opencart Tests(failed)" duration-ms="5624" started-at="2022-01-03T22:56:47 EST" finished-at="2022-01-03T22:56:53 EST">
      <class name="testCases.TC_001_AccountRegistration">
        <test-method status="PASS" signature="setup(java.lang.String)[pri:0, instance:testCases.TC_001_AccountRegistration@706a04ae]" name="setup" is-config="true" duration-ms="2462" started-at="2022-01-03T22:56:47 EST" finished-at="2022-01-03T22:56:50 EST">
          <params>
            <param index="0">
              <value>
                <![CDATA[chrome]]>
              </value>
            </param>
          </params>
          <reporter-output>
          </reporter-output>
        </test-method> <!-- setup -->
        <test-method status="PASS" signature="test_account_Registration()[pri:0, instance:testCases.TC_001_AccountRegistration@706a04ae]" name="test_account_Registration" duration-ms="2355" started-at="2022-01-03T22:56:50 EST" finished-at="2022-01-03T22:56:52 EST">
          <reporter-output>
          </reporter-output>
        </test-method> <!-- test_account_Registration -->
        <test-method status="PASS" signature="tearDown()[pri:0, instance:testCases.TC_001_AccountRegistration@706a04ae]" name="tearDown" is-config="true" duration-ms="630" started-at="2022-01-03T22:56:52 EST" finished-at="2022-01-03T22:56:53 EST">
          <reporter-output>
          </reporter-output>
        </test-method> <!-- tearDown -->
      </class> <!-- testCases.TC_001_AccountRegistration -->
    </test> <!-- Opencart Tests(failed) -->
  </suite> <!-- Failed suite [Opencart Suite] -->
</testng-results>
